2025-06-05 23:49:02 [INFO] cp_server.compose_manager: Bringing up Docker Compose…
2025-06-05 23:49:02 [INFO] cp_server.compose_manager: Tearing down Docker Compose…
2025-06-05 23:49:02 [INFO] cp_server.compose_manager: Compose is down.
2025-06-05 23:49:03 [INFO] cp_server.compose_manager: Compose is up.
2025-06-05 21:49:03,767 fastapi.logger INFO: FastAPI package logging set up (console ↔ /logs/gem_screening.log)
2025-06-05 21:49:04,152 celery INFO: Celery logging configured (console + /logs/gem_screening.log) at level INFO
2025-06-05 21:49:04,203 celery INFO: Celery logging configured (console + /logs/gem_screening.log) at level INFO
2025-06-05 21:49:04,969 celery INFO: Celery logging configured (console + /logs/gem_screening.log) at level INFO
2025-06-05 21:49:05,262 celery INFO: Celery logging configured (console + /logs/gem_screening.log) at level INFO
2025-06-05 21:49:05,714 celery INFO: Celery logging configured (console + /logs/gem_screening.log) at level INFO
2025-06-05 21:49:06,075 celery INFO: Celery logging configured (console + /logs/gem_screening.log) at level INFO
2025-06-05 21:49:06,458 celery INFO: Celery logging configured (console + /logs/gem_screening.log) at level INFO
2025-06-05 21:49:06,758 celery INFO: Celery logging configured (console + /logs/gem_screening.log) at level INFO
2025-06-05 21:49:07,059 celery INFO: Celery logging configured (console + /logs/gem_screening.log) at level INFO
2025-06-05 21:49:07,356 celery INFO: Celery logging configured (console + /logs/gem_screening.log) at level INFO
2025-06-05 21:49:07,657 celery INFO: Celery logging configured (console + /logs/gem_screening.log) at level INFO
2025-06-05 21:49:07,958 celery INFO: Celery logging configured (console + /logs/gem_screening.log) at level INFO
2025-06-05 21:49:08,257 celery INFO: Celery logging configured (console + /logs/gem_screening.log) at level INFO
2025-06-05 21:49:08,559 celery INFO: Celery logging configured (console + /logs/gem_screening.log) at level INFO
2025-06-05 21:49:08,862 celery INFO: Celery logging configured (console + /logs/gem_screening.log) at level INFO
2025-06-05 21:49:09,162 celery INFO: Celery logging configured (console + /logs/gem_screening.log) at level INFO
2025-06-05 21:49:09,469 celery INFO: Celery logging configured (console + /logs/gem_screening.log) at level INFO
2025-06-05 21:49:09,773 celery INFO: Celery logging configured (console + /logs/gem_screening.log) at level INFO
2025-06-05 21:49:10,068 celery INFO: Celery logging configured (console + /logs/gem_screening.log) at level INFO
2025-06-05 21:49:10,372 celery INFO: Celery logging configured (console + /logs/gem_screening.log) at level INFO
2025-06-05 21:49:10,676 celery INFO: Celery logging configured (console + /logs/gem_screening.log) at level INFO
2025-06-05 21:49:10,980 celery INFO: Celery logging configured (console + /logs/gem_screening.log) at level INFO
2025-06-05 21:49:11,282 celery INFO: Celery logging configured (console + /logs/gem_screening.log) at level INFO
2025-06-05 21:49:11,584 celery INFO: Celery logging configured (console + /logs/gem_screening.log) at level INFO
2025-06-05 21:49:11,887 celery INFO: Celery logging configured (console + /logs/gem_screening.log) at level INFO
2025-06-05 21:49:12,187 celery INFO: Celery logging configured (console + /logs/gem_screening.log) at level INFO
2025-06-05 21:49:12,491 celery INFO: Celery logging configured (console + /logs/gem_screening.log) at level INFO
2025-06-05 21:49:12,793 celery INFO: Celery logging configured (console + /logs/gem_screening.log) at level INFO
2025-06-05 21:49:13,095 celery INFO: Celery logging configured (console + /logs/gem_screening.log) at level INFO
2025-06-05 21:49:13,399 celery INFO: Celery logging configured (console + /logs/gem_screening.log) at level INFO
2025-06-05 21:49:13,702 celery INFO: Celery logging configured (console + /logs/gem_screening.log) at level INFO
2025-06-05 21:49:14,003 celery INFO: Celery logging configured (console + /logs/gem_screening.log) at level INFO
2025-06-05 21:49:14,309 celery INFO: Celery logging configured (console + /logs/gem_screening.log) at level INFO
2025-06-05 21:49:14,604 celery INFO: Celery logging configured (console + /logs/gem_screening.log) at level INFO
2025-06-05 21:49:14,921 celery INFO: Celery logging configured (console + /logs/gem_screening.log) at level INFO
2025-06-05 21:49:15,210 celery INFO: Celery logging configured (console + /logs/gem_screening.log) at level INFO
2025-06-05 21:49:15,515 celery INFO: Celery logging configured (console + /logs/gem_screening.log) at level INFO
2025-06-05 21:49:15,815 celery INFO: Celery logging configured (console + /logs/gem_screening.log) at level INFO
2025-06-05 21:49:16,118 celery INFO: Celery logging configured (console + /logs/gem_screening.log) at level INFO
2025-06-05 21:49:16,420 celery INFO: Celery logging configured (console + /logs/gem_screening.log) at level INFO
2025-06-05 21:49:16,732 celery INFO: Celery logging configured (console + /logs/gem_screening.log) at level INFO
2025-06-05 21:49:17,026 celery INFO: Celery logging configured (console + /logs/gem_screening.log) at level INFO
2025-06-05 21:49:17,328 celery INFO: Celery logging configured (console + /logs/gem_screening.log) at level INFO
2025-06-05 21:49:17,632 celery INFO: Celery logging configured (console + /logs/gem_screening.log) at level INFO
2025-06-05 21:49:17,941 celery INFO: Celery logging configured (console + /logs/gem_screening.log) at level INFO
2025-06-05 21:49:18,234 celery INFO: Celery logging configured (console + /logs/gem_screening.log) at level INFO
2025-06-05 21:49:18,537 celery INFO: Celery logging configured (console + /logs/gem_screening.log) at level INFO
2025-06-05 21:49:18,841 celery INFO: Celery logging configured (console + /logs/gem_screening.log) at level INFO
2025-06-05 21:49:19,145 celery INFO: Celery logging configured (console + /logs/gem_screening.log) at level INFO
2025-06-05 21:49:19,448 celery INFO: Celery logging configured (console + /logs/gem_screening.log) at level INFO
2025-06-05 21:49:19,748 celery INFO: Celery logging configured (console + /logs/gem_screening.log) at level INFO
2025-06-05 21:49:20,052 celery INFO: Celery logging configured (console + /logs/gem_screening.log) at level INFO
2025-06-05 21:49:20,354 celery INFO: Celery logging configured (console + /logs/gem_screening.log) at level INFO
2025-06-05 21:49:20,658 celery INFO: Celery logging configured (console + /logs/gem_screening.log) at level INFO
2025-06-05 21:49:20,957 celery INFO: Celery logging configured (console + /logs/gem_screening.log) at level INFO
2025-06-05 21:49:21,259 celery INFO: Celery logging configured (console + /logs/gem_screening.log) at level INFO
2025-06-05 21:49:21,564 celery INFO: Celery logging configured (console + /logs/gem_screening.log) at level INFO
2025-06-05 21:49:21,862 celery INFO: Celery logging configured (console + /logs/gem_screening.log) at level INFO
2025-06-05 21:49:22,165 celery INFO: Celery logging configured (console + /logs/gem_screening.log) at level INFO
2025-06-05 21:49:22,472 celery INFO: Celery logging configured (console + /logs/gem_screening.log) at level INFO
2025-06-05 21:49:22,771 celery INFO: Celery logging configured (console + /logs/gem_screening.log) at level INFO
2025-06-05 21:49:23,074 celery INFO: Celery logging configured (console + /logs/gem_screening.log) at level INFO
2025-06-05 21:49:23,373 celery INFO: Celery logging configured (console + /logs/gem_screening.log) at level INFO
2025-06-05 21:49:23,681 celery INFO: Celery logging configured (console + /logs/gem_screening.log) at level INFO
2025-06-05 21:49:23,980 celery INFO: Celery logging configured (console + /logs/gem_screening.log) at level INFO
2025-06-05 21:49:24,282 celery INFO: Celery logging configured (console + /logs/gem_screening.log) at level INFO
2025-06-05 21:49:24,582 celery INFO: Celery logging configured (console + /logs/gem_screening.log) at level INFO
2025-06-05 21:49:24,885 celery INFO: Celery logging configured (console + /logs/gem_screening.log) at level INFO
2025-06-05 21:49:25,191 celery INFO: Celery logging configured (console + /logs/gem_screening.log) at level INFO
2025-06-05 21:49:25,493 celery INFO: Celery logging configured (console + /logs/gem_screening.log) at level INFO
2025-06-05 21:49:25,795 celery INFO: Celery logging configured (console + /logs/gem_screening.log) at level INFO
2025-06-05 21:49:26,095 celery INFO: Celery logging configured (console + /logs/gem_screening.log) at level INFO
2025-06-05 21:49:26,396 celery INFO: Celery logging configured (console + /logs/gem_screening.log) at level INFO
2025-06-05 21:49:26,702 celery INFO: Celery logging configured (console + /logs/gem_screening.log) at level INFO
2025-06-05 21:49:27,004 celery INFO: Celery logging configured (console + /logs/gem_screening.log) at level INFO
2025-06-05 21:49:27,309 celery INFO: Celery logging configured (console + /logs/gem_screening.log) at level INFO
2025-06-05 21:49:27,611 celery INFO: Celery logging configured (console + /logs/gem_screening.log) at level INFO
2025-06-05 21:49:27,909 celery INFO: Celery logging configured (console + /logs/gem_screening.log) at level INFO
2025-06-05 21:49:28,212 celery INFO: Celery logging configured (console + /logs/gem_screening.log) at level INFO
2025-06-05 21:49:28,516 celery INFO: Celery logging configured (console + /logs/gem_screening.log) at level INFO
2025-06-05 21:49:28,817 celery INFO: Celery logging configured (console + /logs/gem_screening.log) at level INFO
2025-06-05 21:49:29,119 celery INFO: Celery logging configured (console + /logs/gem_screening.log) at level INFO
2025-06-05 21:49:29,422 celery INFO: Celery logging configured (console + /logs/gem_screening.log) at level INFO
2025-06-05 21:49:29,731 celery INFO: Celery logging configured (console + /logs/gem_screening.log) at level INFO
2025-06-05 21:49:30,028 celery INFO: Celery logging configured (console + /logs/gem_screening.log) at level INFO
2025-06-05 21:49:30,329 celery INFO: Celery logging configured (console + /logs/gem_screening.log) at level INFO
2025-06-05 21:49:30,632 celery INFO: Celery logging configured (console + /logs/gem_screening.log) at level INFO
2025-06-05 21:49:30,935 celery INFO: Celery logging configured (console + /logs/gem_screening.log) at level INFO
2025-06-05 21:49:31,237 celery INFO: Celery logging configured (console + /logs/gem_screening.log) at level INFO
2025-06-05 21:49:31,539 celery INFO: Celery logging configured (console + /logs/gem_screening.log) at level INFO
2025-06-05 21:49:31,874 celery INFO: Celery logging configured (console + /logs/gem_screening.log) at level INFO
2025-06-05 21:49:32,143 celery INFO: Celery logging configured (console + /logs/gem_screening.log) at level INFO
2025-06-05 21:49:32,445 celery INFO: Celery logging configured (console + /logs/gem_screening.log) at level INFO
2025-06-05 21:49:32,750 celery INFO: Celery logging configured (console + /logs/gem_screening.log) at level INFO
2025-06-05 21:49:33,051 celery INFO: Celery logging configured (console + /logs/gem_screening.log) at level INFO
2025-06-05 23:49:33 [INFO] cp_server.compose_manager: Tearing down Docker Compose…
2025-06-05 21:49:33,353 celery INFO: Celery logging configured (console + /logs/gem_screening.log) at level INFO
2025-06-05 23:49:36 [INFO] cp_server.compose_manager: Compose is down.
2025-06-05 23:51:36 [INFO] cp_server.compose_manager: Bringing up Docker Compose…
2025-06-05 23:51:36 [INFO] cp_server.compose_manager: Tearing down Docker Compose…
2025-06-05 23:51:36 [INFO] cp_server.compose_manager: Compose is down.
2025-06-05 23:51:37 [INFO] cp_server.compose_manager: Compose is up.
2025-06-05 21:51:37,695 [INFO] fastapi.logger: FastAPI package logging set up (console ↔ /logs/gem_screening.log)
2025-06-05 21:51:38,103 [INFO] celery: Celery logging configured (console + /logs/gem_screening.log) at level INFO
2025-06-05 21:51:38,158 [INFO] celery: Celery logging configured (console + /logs/gem_screening.log) at level INFO
2025-06-05 21:51:39,001 [INFO] celery: Celery logging configured (console + /logs/gem_screening.log) at level INFO
2025-06-05 21:51:39,419 [INFO] celery: Celery logging configured (console + /logs/gem_screening.log) at level INFO
2025-06-05 21:51:39,823 [INFO] celery: Celery logging configured (console + /logs/gem_screening.log) at level INFO
2025-06-05 21:51:40,095 [INFO] celery: Celery logging configured (console + /logs/gem_screening.log) at level INFO
2025-06-05 21:51:40,397 [INFO] celery: Celery logging configured (console + /logs/gem_screening.log) at level INFO
2025-06-05 21:51:40,728 [INFO] celery: Celery logging configured (console + /logs/gem_screening.log) at level INFO
2025-06-05 21:51:41,000 [INFO] celery: Celery logging configured (console + /logs/gem_screening.log) at level INFO
2025-06-05 21:51:41,301 [INFO] celery: Celery logging configured (console + /logs/gem_screening.log) at level INFO
2025-06-05 23:51:41 [INFO] cp_server.compose_manager: Tearing down Docker Compose…
2025-06-05 21:51:41,600 [INFO] celery: Celery logging configured (console + /logs/gem_screening.log) at level INFO
2025-06-05 23:51:44 [INFO] cp_server.compose_manager: Compose is down.
2025-06-05 23:54:05 [INFO] cp_server.compose_manager: Bringing up Docker Compose…
2025-06-05 23:54:05 [INFO] cp_server.compose_manager: Tearing down Docker Compose…
2025-06-05 23:54:05 [INFO] cp_server.compose_manager: Compose is down.
2025-06-05 23:54:06 [INFO] cp_server.compose_manager: Compose is up.
2025-06-05 21:54:06,831 [INFO] fastapi.logger: FastAPI package logging set up (console ↔ /logs/gem_screening.log)
2025-06-05 21:54:07,286 [INFO] celery.logging: Celery logging configured (console + /logs/gem_screening.log) at level INFO
2025-06-05 21:54:07,339 [INFO] celery.logging: Celery logging configured (console + /logs/gem_screening.log) at level INFO
2025-06-05 21:54:08,148 [INFO] celery.logging: Celery logging configured (console + /logs/gem_screening.log) at level INFO
2025-06-05 21:54:08,532 [INFO] celery.logging: Celery logging configured (console + /logs/gem_screening.log) at level INFO
2025-06-05 21:54:08,832 [INFO] celery.logging: Celery logging configured (console + /logs/gem_screening.log) at level INFO
2025-06-05 21:54:09,148 [INFO] celery.logging: Celery logging configured (console + /logs/gem_screening.log) at level INFO
2025-06-05 21:54:09,526 [INFO] celery.logging: Celery logging configured (console + /logs/gem_screening.log) at level INFO
2025-06-05 21:54:09,823 [INFO] celery.logging: Celery logging configured (console + /logs/gem_screening.log) at level INFO
2025-06-05 21:54:10,128 [INFO] celery.logging: Celery logging configured (console + /logs/gem_screening.log) at level INFO
2025-06-05 21:54:10,427 [INFO] celery.logging: Celery logging configured (console + /logs/gem_screening.log) at level INFO
2025-06-05 23:54:10 [INFO] cp_server.compose_manager: Tearing down Docker Compose…
2025-06-05 21:54:10,743 [INFO] celery.logging: Celery logging configured (console + /logs/gem_screening.log) at level INFO
2025-06-05 23:54:13 [INFO] cp_server.compose_manager: Compose is down.
